2018-12-03 09:14:30 Notice: Notice (8): Use of undefined constant IMAGES_URL - assumed 'IMAGES_URL' in [/var/www/html/falconB/src/Template/About/reccomendation.ctp, line 19]
Request URL: /about/reccomendation
Referer URL: http://localhost/falconB/about/partners
Trace:
Cake\Error\BaseErrorHandler::handleError() - CORE/src/Error/BaseErrorHandler.php, line 159
Cake\Core\BasePlugin::{closure}() - ROOT/vendor/cakephp/debug_kit/config/bootstrap.php, line 42
include - APP/Template/About/reccomendation.ctp, line 19
Cake\View\View::_evaluate() - CORE/src/View/View.php, line 1240
Cake\View\View::_render() - CORE/src/View/View.php, line 1201
Cake\View\View::render() - CORE/src/View/View.php, line 803
Cake\Controller\Controller::render() - CORE/src/Controller/Controller.php, line 790
Cake\Http\ActionDispatcher::_invoke() - CORE/src/Http/ActionDispatcher.php, line 126
Cake\Http\ActionDispatcher::dispatch() - CORE/src/Http/ActionDispatcher.php, line 94
Cake\Http\BaseApplication::__invoke() - CORE/src/Http/BaseApplication.php, line 235
Cake\Http\Runner::__invoke() - CORE/src/Http/Runner.php, line 65
Cake\Http\Middleware\CsrfProtectionMiddleware::__invoke() - CORE/src/Http/Middleware/CsrfProtectionMiddleware.php, line 107
Cake\Http\Runner::__invoke() - CORE/src/Http/Runner.php, line 65
Cake\Routing\Middleware\RoutingMiddleware::__invoke() - CORE/src/Routing/Middleware/RoutingMiddleware.php, line 156
Cake\Http\Runner::__invoke() - CORE/src/Http/Runner.php, line 65
Cake\Routing\Middleware\AssetMiddleware::__invoke() - CORE/src/Routing/Middleware/AssetMiddleware.php, line 88
Cake\Http\Runner::__invoke() - CORE/src/Http/Runner.php, line 65
Cake\Error\Middleware\ErrorHandlerMiddleware::__invoke() - CORE/src/Error/Middleware/ErrorHandlerMiddleware.php, line 98
Cake\Http\Runner::__invoke() - CORE/src/Http/Runner.php, line 65
Cake\Http\Runner::run() - CORE/src/Http/Runner.php, line 51
Cake\Http\Server::run() - CORE/src/Http/Server.php, line 98
[main] - ROOT/webroot/index.php, line 40



2018-12-07 08:17:42 Notice: Notice (8): Undefined variable: image in [/var/www/html/falconB/src/Controller/NewsController.php, line 133]
Request URL: /news/upload
Referer URL: http://localhost/falconB/news/add
Trace:
Cake\Error\BaseErrorHandler::handleError() - CORE/src/Error/BaseErrorHandler.php, line 159
Cake\Core\BasePlugin::{closure}() - ROOT/vendor/cakephp/debug_kit/config/bootstrap.php, line 42
App\Controller\NewsController::upload() - APP/Controller/NewsController.php, line 133
Cake\Controller\Controller::invokeAction() - CORE/src/Controller/Controller.php, line 609
Cake\Http\ActionDispatcher::_invoke() - CORE/src/Http/ActionDispatcher.php, line 120
Cake\Http\ActionDispatcher::dispatch() - CORE/src/Http/ActionDispatcher.php, line 94
Cake\Http\BaseApplication::__invoke() - CORE/src/Http/BaseApplication.php, line 235
Cake\Http\Runner::__invoke() - CORE/src/Http/Runner.php, line 65
Cake\Http\Middleware\CsrfProtectionMiddleware::__invoke() - CORE/src/Http/Middleware/CsrfProtectionMiddleware.php, line 107
Cake\Http\Runner::__invoke() - CORE/src/Http/Runner.php, line 65
Cake\Routing\Middleware\RoutingMiddleware::__invoke() - CORE/src/Routing/Middleware/RoutingMiddleware.php, line 156
Cake\Http\Runner::__invoke() - CORE/src/Http/Runner.php, line 65
Cake\Routing\Middleware\AssetMiddleware::__invoke() - CORE/src/Routing/Middleware/AssetMiddleware.php, line 88
Cake\Http\Runner::__invoke() - CORE/src/Http/Runner.php, line 65
Cake\Error\Middleware\ErrorHandlerMiddleware::__invoke() - CORE/src/Error/Middleware/ErrorHandlerMiddleware.php, line 98
Cake\Http\Runner::__invoke() - CORE/src/Http/Runner.php, line 65
Cake\Http\Runner::run() - CORE/src/Http/Runner.php, line 51
Cake\Http\Server::run() - CORE/src/Http/Server.php, line 98
[main] - ROOT/webroot/index.php, line 40



2018-12-07 08:39:52 Notice: Notice (8): Undefined index: name in [/var/www/html/falconB/src/Controller/Component/ImageComponent.php, line 29]
Request URL: /news/upload
Referer URL: http://localhost/falconB/news/add
Trace:
Cake\Error\BaseErrorHandler::handleError() - CORE/src/Error/BaseErrorHandler.php, line 159
Cake\Core\BasePlugin::{closure}() - ROOT/vendor/cakephp/debug_kit/config/bootstrap.php, line 42
App\Controller\Component\ImageComponent::upload() - APP/Controller/Component/ImageComponent.php, line 29
App\Controller\NewsController::upload() - APP/Controller/NewsController.php, line 137
Cake\Controller\Controller::invokeAction() - CORE/src/Controller/Controller.php, line 609
Cake\Http\ActionDispatcher::_invoke() - CORE/src/Http/ActionDispatcher.php, line 120
Cake\Http\ActionDispatcher::dispatch() - CORE/src/Http/ActionDispatcher.php, line 94
Cake\Http\BaseApplication::__invoke() - CORE/src/Http/BaseApplication.php, line 235
Cake\Http\Runner::__invoke() - CORE/src/Http/Runner.php, line 65
Cake\Http\Middleware\CsrfProtectionMiddleware::__invoke() - CORE/src/Http/Middleware/CsrfProtectionMiddleware.php, line 107
Cake\Http\Runner::__invoke() - CORE/src/Http/Runner.php, line 65
Cake\Routing\Middleware\RoutingMiddleware::__invoke() - CORE/src/Routing/Middleware/RoutingMiddleware.php, line 156
Cake\Http\Runner::__invoke() - CORE/src/Http/Runner.php, line 65
Cake\Routing\Middleware\AssetMiddleware::__invoke() - CORE/src/Routing/Middleware/AssetMiddleware.php, line 88
Cake\Http\Runner::__invoke() - CORE/src/Http/Runner.php, line 65
Cake\Error\Middleware\ErrorHandlerMiddleware::__invoke() - CORE/src/Error/Middleware/ErrorHandlerMiddleware.php, line 98
Cake\Http\Runner::__invoke() - CORE/src/Http/Runner.php, line 65
Cake\Http\Runner::run() - CORE/src/Http/Runner.php, line 51
Cake\Http\Server::run() - CORE/src/Http/Server.php, line 98
[main] - ROOT/webroot/index.php, line 40



2018-12-07 08:39:52 Notice: Notice (8): Undefined variable: image in [/var/www/html/falconB/src/Controller/NewsController.php, line 141]
Request URL: /news/upload
Referer URL: http://localhost/falconB/news/add
Trace:
Cake\Error\BaseErrorHandler::handleError() - CORE/src/Error/BaseErrorHandler.php, line 159
Cake\Core\BasePlugin::{closure}() - ROOT/vendor/cakephp/debug_kit/config/bootstrap.php, line 42
App\Controller\NewsController::upload() - APP/Controller/NewsController.php, line 141
Cake\Controller\Controller::invokeAction() - CORE/src/Controller/Controller.php, line 609
Cake\Http\ActionDispatcher::_invoke() - CORE/src/Http/ActionDispatcher.php, line 120
Cake\Http\ActionDispatcher::dispatch() - CORE/src/Http/ActionDispatcher.php, line 94
Cake\Http\BaseApplication::__invoke() - CORE/src/Http/BaseApplication.php, line 235
Cake\Http\Runner::__invoke() - CORE/src/Http/Runner.php, line 65
Cake\Http\Middleware\CsrfProtectionMiddleware::__invoke() - CORE/src/Http/Middleware/CsrfProtectionMiddleware.php, line 107
Cake\Http\Runner::__invoke() - CORE/src/Http/Runner.php, line 65
Cake\Routing\Middleware\RoutingMiddleware::__invoke() - CORE/src/Routing/Middleware/RoutingMiddleware.php, line 156
Cake\Http\Runner::__invoke() - CORE/src/Http/Runner.php, line 65
Cake\Routing\Middleware\AssetMiddleware::__invoke() - CORE/src/Routing/Middleware/AssetMiddleware.php, line 88
Cake\Http\Runner::__invoke() - CORE/src/Http/Runner.php, line 65
Cake\Error\Middleware\ErrorHandlerMiddleware::__invoke() - CORE/src/Error/Middleware/ErrorHandlerMiddleware.php, line 98
Cake\Http\Runner::__invoke() - CORE/src/Http/Runner.php, line 65
Cake\Http\Runner::run() - CORE/src/Http/Runner.php, line 51
Cake\Http\Server::run() - CORE/src/Http/Server.php, line 98
[main] - ROOT/webroot/index.php, line 40



2018-12-07 08:46:19 Notice: Notice (8): Undefined index: name in [/var/www/html/falconB/src/Controller/Component/ImageComponent.php, line 29]
Request URL: /news/upload
Referer URL: http://localhost/falconB/news/add
Trace:
Cake\Error\BaseErrorHandler::handleError() - CORE/src/Error/BaseErrorHandler.php, line 159
Cake\Core\BasePlugin::{closure}() - ROOT/vendor/cakephp/debug_kit/config/bootstrap.php, line 42
App\Controller\Component\ImageComponent::upload() - APP/Controller/Component/ImageComponent.php, line 29
App\Controller\NewsController::upload() - APP/Controller/NewsController.php, line 138
Cake\Controller\Controller::invokeAction() - CORE/src/Controller/Controller.php, line 609
Cake\Http\ActionDispatcher::_invoke() - CORE/src/Http/ActionDispatcher.php, line 120
Cake\Http\ActionDispatcher::dispatch() - CORE/src/Http/ActionDispatcher.php, line 94
Cake\Http\BaseApplication::__invoke() - CORE/src/Http/BaseApplication.php, line 235
Cake\Http\Runner::__invoke() - CORE/src/Http/Runner.php, line 65
Cake\Http\Middleware\CsrfProtectionMiddleware::__invoke() - CORE/src/Http/Middleware/CsrfProtectionMiddleware.php, line 107
Cake\Http\Runner::__invoke() - CORE/src/Http/Runner.php, line 65
Cake\Routing\Middleware\RoutingMiddleware::__invoke() - CORE/src/Routing/Middleware/RoutingMiddleware.php, line 156
Cake\Http\Runner::__invoke() - CORE/src/Http/Runner.php, line 65
Cake\Routing\Middleware\AssetMiddleware::__invoke() - CORE/src/Routing/Middleware/AssetMiddleware.php, line 88
Cake\Http\Runner::__invoke() - CORE/src/Http/Runner.php, line 65
Cake\Error\Middleware\ErrorHandlerMiddleware::__invoke() - CORE/src/Error/Middleware/ErrorHandlerMiddleware.php, line 98
Cake\Http\Runner::__invoke() - CORE/src/Http/Runner.php, line 65
Cake\Http\Runner::run() - CORE/src/Http/Runner.php, line 51
Cake\Http\Server::run() - CORE/src/Http/Server.php, line 98
[main] - ROOT/webroot/index.php, line 40



2018-12-07 08:46:19 Notice: Notice (8): Undefined variable: image in [/var/www/html/falconB/src/Controller/NewsController.php, line 142]
Request URL: /news/upload
Referer URL: http://localhost/falconB/news/add
Trace:
Cake\Error\BaseErrorHandler::handleError() - CORE/src/Error/BaseErrorHandler.php, line 159
Cake\Core\BasePlugin::{closure}() - ROOT/vendor/cakephp/debug_kit/config/bootstrap.php, line 42
App\Controller\NewsController::upload() - APP/Controller/NewsController.php, line 142
Cake\Controller\Controller::invokeAction() - CORE/src/Controller/Controller.php, line 609
Cake\Http\ActionDispatcher::_invoke() - CORE/src/Http/ActionDispatcher.php, line 120
Cake\Http\ActionDispatcher::dispatch() - CORE/src/Http/ActionDispatcher.php, line 94
Cake\Http\BaseApplication::__invoke() - CORE/src/Http/BaseApplication.php, line 235
Cake\Http\Runner::__invoke() - CORE/src/Http/Runner.php, line 65
Cake\Http\Middleware\CsrfProtectionMiddleware::__invoke() - CORE/src/Http/Middleware/CsrfProtectionMiddleware.php, line 107
Cake\Http\Runner::__invoke() - CORE/src/Http/Runner.php, line 65
Cake\Routing\Middleware\RoutingMiddleware::__invoke() - CORE/src/Routing/Middleware/RoutingMiddleware.php, line 156
Cake\Http\Runner::__invoke() - CORE/src/Http/Runner.php, line 65
Cake\Routing\Middleware\AssetMiddleware::__invoke() - CORE/src/Routing/Middleware/AssetMiddleware.php, line 88
Cake\Http\Runner::__invoke() - CORE/src/Http/Runner.php, line 65
Cake\Error\Middleware\ErrorHandlerMiddleware::__invoke() - CORE/src/Error/Middleware/ErrorHandlerMiddleware.php, line 98
Cake\Http\Runner::__invoke() - CORE/src/Http/Runner.php, line 65
Cake\Http\Runner::run() - CORE/src/Http/Runner.php, line 51
Cake\Http\Server::run() - CORE/src/Http/Server.php, line 98
[main] - ROOT/webroot/index.php, line 40



2018-12-07 08:46:59 Notice: Notice (8): Undefined index: name in [/var/www/html/falconB/src/Controller/Component/ImageComponent.php, line 29]
Request URL: /news/upload
Referer URL: http://localhost/falconB/news/add
Trace:
Cake\Error\BaseErrorHandler::handleError() - CORE/src/Error/BaseErrorHandler.php, line 159
Cake\Core\BasePlugin::{closure}() - ROOT/vendor/cakephp/debug_kit/config/bootstrap.php, line 42
App\Controller\Component\ImageComponent::upload() - APP/Controller/Component/ImageComponent.php, line 29
App\Controller\NewsController::upload() - APP/Controller/NewsController.php, line 138
Cake\Controller\Controller::invokeAction() - CORE/src/Controller/Controller.php, line 609
Cake\Http\ActionDispatcher::_invoke() - CORE/src/Http/ActionDispatcher.php, line 120
Cake\Http\ActionDispatcher::dispatch() - CORE/src/Http/ActionDispatcher.php, line 94
Cake\Http\BaseApplication::__invoke() - CORE/src/Http/BaseApplication.php, line 235
Cake\Http\Runner::__invoke() - CORE/src/Http/Runner.php, line 65
Cake\Http\Middleware\CsrfProtectionMiddleware::__invoke() - CORE/src/Http/Middleware/CsrfProtectionMiddleware.php, line 107
Cake\Http\Runner::__invoke() - CORE/src/Http/Runner.php, line 65
Cake\Routing\Middleware\RoutingMiddleware::__invoke() - CORE/src/Routing/Middleware/RoutingMiddleware.php, line 156
Cake\Http\Runner::__invoke() - CORE/src/Http/Runner.php, line 65
Cake\Routing\Middleware\AssetMiddleware::__invoke() - CORE/src/Routing/Middleware/AssetMiddleware.php, line 88
Cake\Http\Runner::__invoke() - CORE/src/Http/Runner.php, line 65
Cake\Error\Middleware\ErrorHandlerMiddleware::__invoke() - CORE/src/Error/Middleware/ErrorHandlerMiddleware.php, line 98
Cake\Http\Runner::__invoke() - CORE/src/Http/Runner.php, line 65
Cake\Http\Runner::run() - CORE/src/Http/Runner.php, line 51
Cake\Http\Server::run() - CORE/src/Http/Server.php, line 98
[main] - ROOT/webroot/index.php, line 40



2018-12-07 08:46:59 Notice: Notice (8): Undefined variable: image in [/var/www/html/falconB/src/Controller/NewsController.php, line 142]
Request URL: /news/upload
Referer URL: http://localhost/falconB/news/add
Trace:
Cake\Error\BaseErrorHandler::handleError() - CORE/src/Error/BaseErrorHandler.php, line 159
Cake\Core\BasePlugin::{closure}() - ROOT/vendor/cakephp/debug_kit/config/bootstrap.php, line 42
App\Controller\NewsController::upload() - APP/Controller/NewsController.php, line 142
Cake\Controller\Controller::invokeAction() - CORE/src/Controller/Controller.php, line 609
Cake\Http\ActionDispatcher::_invoke() - CORE/src/Http/ActionDispatcher.php, line 120
Cake\Http\ActionDispatcher::dispatch() - CORE/src/Http/ActionDispatcher.php, line 94
Cake\Http\BaseApplication::__invoke() - CORE/src/Http/BaseApplication.php, line 235
Cake\Http\Runner::__invoke() - CORE/src/Http/Runner.php, line 65
Cake\Http\Middleware\CsrfProtectionMiddleware::__invoke() - CORE/src/Http/Middleware/CsrfProtectionMiddleware.php, line 107
Cake\Http\Runner::__invoke() - CORE/src/Http/Runner.php, line 65
Cake\Routing\Middleware\RoutingMiddleware::__invoke() - CORE/src/Routing/Middleware/RoutingMiddleware.php, line 156
Cake\Http\Runner::__invoke() - CORE/src/Http/Runner.php, line 65
Cake\Routing\Middleware\AssetMiddleware::__invoke() - CORE/src/Routing/Middleware/AssetMiddleware.php, line 88
Cake\Http\Runner::__invoke() - CORE/src/Http/Runner.php, line 65
Cake\Error\Middleware\ErrorHandlerMiddleware::__invoke() - CORE/src/Error/Middleware/ErrorHandlerMiddleware.php, line 98
Cake\Http\Runner::__invoke() - CORE/src/Http/Runner.php, line 65
Cake\Http\Runner::run() - CORE/src/Http/Runner.php, line 51
Cake\Http\Server::run() - CORE/src/Http/Server.php, line 98
[main] - ROOT/webroot/index.php, line 40



2018-12-07 08:59:56 Notice: Notice (8): Undefined variable: image in [/var/www/html/falconB/src/Controller/NewsController.php, line 141]
Request URL: /news/upload
Referer URL: http://localhost/falconB/news/add
Trace:
Cake\Error\BaseErrorHandler::handleError() - CORE/src/Error/BaseErrorHandler.php, line 159
Cake\Core\BasePlugin::{closure}() - ROOT/vendor/cakephp/debug_kit/config/bootstrap.php, line 42
App\Controller\NewsController::upload() - APP/Controller/NewsController.php, line 141
Cake\Controller\Controller::invokeAction() - CORE/src/Controller/Controller.php, line 609
Cake\Http\ActionDispatcher::_invoke() - CORE/src/Http/ActionDispatcher.php, line 120
Cake\Http\ActionDispatcher::dispatch() - CORE/src/Http/ActionDispatcher.php, line 94
Cake\Http\BaseApplication::__invoke() - CORE/src/Http/BaseApplication.php, line 235
Cake\Http\Runner::__invoke() - CORE/src/Http/Runner.php, line 65
Cake\Http\Middleware\CsrfProtectionMiddleware::__invoke() - CORE/src/Http/Middleware/CsrfProtectionMiddleware.php, line 107
Cake\Http\Runner::__invoke() - CORE/src/Http/Runner.php, line 65
Cake\Routing\Middleware\RoutingMiddleware::__invoke() - CORE/src/Routing/Middleware/RoutingMiddleware.php, line 156
Cake\Http\Runner::__invoke() - CORE/src/Http/Runner.php, line 65
Cake\Routing\Middleware\AssetMiddleware::__invoke() - CORE/src/Routing/Middleware/AssetMiddleware.php, line 88
Cake\Http\Runner::__invoke() - CORE/src/Http/Runner.php, line 65
Cake\Error\Middleware\ErrorHandlerMiddleware::__invoke() - CORE/src/Error/Middleware/ErrorHandlerMiddleware.php, line 98
Cake\Http\Runner::__invoke() - CORE/src/Http/Runner.php, line 65
Cake\Http\Runner::run() - CORE/src/Http/Runner.php, line 51
Cake\Http\Server::run() - CORE/src/Http/Server.php, line 98
[main] - ROOT/webroot/index.php, line 40



2018-12-07 09:28:02 Notice: Notice (8): Undefined variable: file_name in [/var/www/html/falconB/src/Template/News/upload.ctp, line 1]
Request URL: /news/upload
Referer URL: http://localhost/falconB/news/add
Trace:
Cake\Error\BaseErrorHandler::handleError() - CORE/src/Error/BaseErrorHandler.php, line 159
Cake\Core\BasePlugin::{closure}() - ROOT/vendor/cakephp/debug_kit/config/bootstrap.php, line 42
include - APP/Template/News/upload.ctp, line 1
Cake\View\View::_evaluate() - CORE/src/View/View.php, line 1240
Cake\View\View::_render() - CORE/src/View/View.php, line 1201
Cake\View\View::render() - CORE/src/View/View.php, line 803
Cake\Controller\Controller::render() - CORE/src/Controller/Controller.php, line 790
Cake\Http\ActionDispatcher::_invoke() - CORE/src/Http/ActionDispatcher.php, line 126
Cake\Http\ActionDispatcher::dispatch() - CORE/src/Http/ActionDispatcher.php, line 94
Cake\Http\BaseApplication::__invoke() - CORE/src/Http/BaseApplication.php, line 235
Cake\Http\Runner::__invoke() - CORE/src/Http/Runner.php, line 65
Cake\Http\Middleware\CsrfProtectionMiddleware::__invoke() - CORE/src/Http/Middleware/CsrfProtectionMiddleware.php, line 107
Cake\Http\Runner::__invoke() - CORE/src/Http/Runner.php, line 65
Cake\Routing\Middleware\RoutingMiddleware::__invoke() - CORE/src/Routing/Middleware/RoutingMiddleware.php, line 156
Cake\Http\Runner::__invoke() - CORE/src/Http/Runner.php, line 65
Cake\Routing\Middleware\AssetMiddleware::__invoke() - CORE/src/Routing/Middleware/AssetMiddleware.php, line 88
Cake\Http\Runner::__invoke() - CORE/src/Http/Runner.php, line 65
Cake\Error\Middleware\ErrorHandlerMiddleware::__invoke() - CORE/src/Error/Middleware/ErrorHandlerMiddleware.php, line 98
Cake\Http\Runner::__invoke() - CORE/src/Http/Runner.php, line 65
Cake\Http\Runner::run() - CORE/src/Http/Runner.php, line 51
Cake\Http\Server::run() - CORE/src/Http/Server.php, line 98
[main] - ROOT/webroot/index.php, line 40



2018-12-07 09:29:01 Notice: Notice (8): Undefined variable: file_name in [/var/www/html/falconB/src/Template/News/upload.ctp, line 1]
Request URL: /news/upload
Referer URL: http://localhost/falconB/news/add
Trace:
Cake\Error\BaseErrorHandler::handleError() - CORE/src/Error/BaseErrorHandler.php, line 159
Cake\Core\BasePlugin::{closure}() - ROOT/vendor/cakephp/debug_kit/config/bootstrap.php, line 42
include - APP/Template/News/upload.ctp, line 1
Cake\View\View::_evaluate() - CORE/src/View/View.php, line 1240
Cake\View\View::_render() - CORE/src/View/View.php, line 1201
Cake\View\View::render() - CORE/src/View/View.php, line 803
Cake\Controller\Controller::render() - CORE/src/Controller/Controller.php, line 790
Cake\Http\ActionDispatcher::_invoke() - CORE/src/Http/ActionDispatcher.php, line 126
Cake\Http\ActionDispatcher::dispatch() - CORE/src/Http/ActionDispatcher.php, line 94
Cake\Http\BaseApplication::__invoke() - CORE/src/Http/BaseApplication.php, line 235
Cake\Http\Runner::__invoke() - CORE/src/Http/Runner.php, line 65
Cake\Http\Middleware\CsrfProtectionMiddleware::__invoke() - CORE/src/Http/Middleware/CsrfProtectionMiddleware.php, line 107
Cake\Http\Runner::__invoke() - CORE/src/Http/Runner.php, line 65
Cake\Routing\Middleware\RoutingMiddleware::__invoke() - CORE/src/Routing/Middleware/RoutingMiddleware.php, line 156
Cake\Http\Runner::__invoke() - CORE/src/Http/Runner.php, line 65
Cake\Routing\Middleware\AssetMiddleware::__invoke() - CORE/src/Routing/Middleware/AssetMiddleware.php, line 88
Cake\Http\Runner::__invoke() - CORE/src/Http/Runner.php, line 65
Cake\Error\Middleware\ErrorHandlerMiddleware::__invoke() - CORE/src/Error/Middleware/ErrorHandlerMiddleware.php, line 98
Cake\Http\Runner::__invoke() - CORE/src/Http/Runner.php, line 65
Cake\Http\Runner::run() - CORE/src/Http/Runner.php, line 51
Cake\Http\Server::run() - CORE/src/Http/Server.php, line 98
[main] - ROOT/webroot/index.php, line 40



2018-12-07 09:30:12 Notice: Notice (8): Undefined variable: file_name in [/var/www/html/falconB/src/Template/News/upload.ctp, line 1]
Request URL: /news/upload
Referer URL: http://localhost/falconB/news/add
Trace:
Cake\Error\BaseErrorHandler::handleError() - CORE/src/Error/BaseErrorHandler.php, line 159
Cake\Core\BasePlugin::{closure}() - ROOT/vendor/cakephp/debug_kit/config/bootstrap.php, line 42
include - APP/Template/News/upload.ctp, line 1
Cake\View\View::_evaluate() - CORE/src/View/View.php, line 1240
Cake\View\View::_render() - CORE/src/View/View.php, line 1201
Cake\View\View::render() - CORE/src/View/View.php, line 803
Cake\Controller\Controller::render() - CORE/src/Controller/Controller.php, line 790
Cake\Http\ActionDispatcher::_invoke() - CORE/src/Http/ActionDispatcher.php, line 126
Cake\Http\ActionDispatcher::dispatch() - CORE/src/Http/ActionDispatcher.php, line 94
Cake\Http\BaseApplication::__invoke() - CORE/src/Http/BaseApplication.php, line 235
Cake\Http\Runner::__invoke() - CORE/src/Http/Runner.php, line 65
Cake\Http\Middleware\CsrfProtectionMiddleware::__invoke() - CORE/src/Http/Middleware/CsrfProtectionMiddleware.php, line 107
Cake\Http\Runner::__invoke() - CORE/src/Http/Runner.php, line 65
Cake\Routing\Middleware\RoutingMiddleware::__invoke() - CORE/src/Routing/Middleware/RoutingMiddleware.php, line 156
Cake\Http\Runner::__invoke() - CORE/src/Http/Runner.php, line 65
Cake\Routing\Middleware\AssetMiddleware::__invoke() - CORE/src/Routing/Middleware/AssetMiddleware.php, line 88
Cake\Http\Runner::__invoke() - CORE/src/Http/Runner.php, line 65
Cake\Error\Middleware\ErrorHandlerMiddleware::__invoke() - CORE/src/Error/Middleware/ErrorHandlerMiddleware.php, line 98
Cake\Http\Runner::__invoke() - CORE/src/Http/Runner.php, line 65
Cake\Http\Runner::run() - CORE/src/Http/Runner.php, line 51
Cake\Http\Server::run() - CORE/src/Http/Server.php, line 98
[main] - ROOT/webroot/index.php, line 40



2018-12-07 10:50:38 Notice: Notice (1024): Undefined property: NewsController::$Csrf in /var/www/html/falconB/src/Controller/NewsController.php on line 19 in [/var/www/html/falconB/vendor/cakephp/cakephp/src/Controller/Controller.php, line 387]
Request URL: /news/add
Trace:
Cake\Error\BaseErrorHandler::handleError() - CORE/src/Error/BaseErrorHandler.php, line 159
Cake\Core\BasePlugin::{closure}() - ROOT/vendor/cakephp/debug_kit/config/bootstrap.php, line 42
Cake\Controller\Controller::__get() - CORE/src/Controller/Controller.php, line 387
App\Controller\NewsController::beforeFilter() - APP/Controller/NewsController.php, line 19
Cake\Event\EventManager::_callListener() - CORE/src/Event/EventManager.php, line 353
Cake\Event\EventManager::dispatch() - CORE/src/Event/EventManager.php, line 330
Cake\Controller\Controller::dispatchEvent() - CORE/src/Event/EventDispatcherTrait.php, line 114
Cake\Controller\Controller::startupProcess() - CORE/src/Controller/Controller.php, line 671
Cake\Http\ActionDispatcher::_invoke() - CORE/src/Http/ActionDispatcher.php, line 115
Cake\Http\ActionDispatcher::dispatch() - CORE/src/Http/ActionDispatcher.php, line 94
Cake\Http\BaseApplication::__invoke() - CORE/src/Http/BaseApplication.php, line 235
Cake\Http\Runner::__invoke() - CORE/src/Http/Runner.php, line 65
Cake\Http\Middleware\CsrfProtectionMiddleware::__invoke() - CORE/src/Http/Middleware/CsrfProtectionMiddleware.php, line 107
Cake\Http\Runner::__invoke() - CORE/src/Http/Runner.php, line 65
Cake\Routing\Middleware\RoutingMiddleware::__invoke() - CORE/src/Routing/Middleware/RoutingMiddleware.php, line 156
Cake\Http\Runner::__invoke() - CORE/src/Http/Runner.php, line 65
Cake\Routing\Middleware\AssetMiddleware::__invoke() - CORE/src/Routing/Middleware/AssetMiddleware.php, line 88
Cake\Http\Runner::__invoke() - CORE/src/Http/Runner.php, line 65
Cake\Error\Middleware\ErrorHandlerMiddleware::__invoke() - CORE/src/Error/Middleware/ErrorHandlerMiddleware.php, line 98
Cake\Http\Runner::__invoke() - CORE/src/Http/Runner.php, line 65
Cake\Http\Runner::run() - CORE/src/Http/Runner.php, line 51
Cake\Http\Server::run() - CORE/src/Http/Server.php, line 98
[main] - ROOT/webroot/index.php, line 40



2018-12-07 10:57:29 Notice: Notice (1024): Undefined property: NewsController::$Csrf in /var/www/html/falconB/src/Controller/NewsController.php on line 20 in [/var/www/html/falconB/vendor/cakephp/cakephp/src/Controller/Controller.php, line 387]
Request URL: /news/add
Trace:
Cake\Error\BaseErrorHandler::handleError() - CORE/src/Error/BaseErrorHandler.php, line 159
Cake\Core\BasePlugin::{closure}() - ROOT/vendor/cakephp/debug_kit/config/bootstrap.php, line 42
Cake\Controller\Controller::__get() - CORE/src/Controller/Controller.php, line 387
App\Controller\NewsController::beforeFilter() - APP/Controller/NewsController.php, line 20
Cake\Event\EventManager::_callListener() - CORE/src/Event/EventManager.php, line 353
Cake\Event\EventManager::dispatch() - CORE/src/Event/EventManager.php, line 330
Cake\Controller\Controller::dispatchEvent() - CORE/src/Event/EventDispatcherTrait.php, line 114
Cake\Controller\Controller::startupProcess() - CORE/src/Controller/Controller.php, line 671
Cake\Http\ActionDispatcher::_invoke() - CORE/src/Http/ActionDispatcher.php, line 115
Cake\Http\ActionDispatcher::dispatch() - CORE/src/Http/ActionDispatcher.php, line 94
Cake\Http\BaseApplication::__invoke() - CORE/src/Http/BaseApplication.php, line 235
Cake\Http\Runner::__invoke() - CORE/src/Http/Runner.php, line 65
Cake\Http\Middleware\CsrfProtectionMiddleware::__invoke() - CORE/src/Http/Middleware/CsrfProtectionMiddleware.php, line 107
Cake\Http\Runner::__invoke() - CORE/src/Http/Runner.php, line 65
Cake\Routing\Middleware\RoutingMiddleware::__invoke() - CORE/src/Routing/Middleware/RoutingMiddleware.php, line 156
Cake\Http\Runner::__invoke() - CORE/src/Http/Runner.php, line 65
Cake\Routing\Middleware\AssetMiddleware::__invoke() - CORE/src/Routing/Middleware/AssetMiddleware.php, line 88
Cake\Http\Runner::__invoke() - CORE/src/Http/Runner.php, line 65
Cake\Error\Middleware\ErrorHandlerMiddleware::__invoke() - CORE/src/Error/Middleware/ErrorHandlerMiddleware.php, line 98
Cake\Http\Runner::__invoke() - CORE/src/Http/Runner.php, line 65
Cake\Http\Runner::run() - CORE/src/Http/Runner.php, line 51
Cake\Http\Server::run() - CORE/src/Http/Server.php, line 98
[main] - ROOT/webroot/index.php, line 40



2018-12-07 10:57:41 Notice: Notice (1024): Undefined property: NewsController::$Csrf in /var/www/html/falconB/src/Controller/NewsController.php on line 20 in [/var/www/html/falconB/vendor/cakephp/cakephp/src/Controller/Controller.php, line 387]
Request URL: /news/upload
Referer URL: http://localhost/falconB/news/add
Trace:
Cake\Error\BaseErrorHandler::handleError() - CORE/src/Error/BaseErrorHandler.php, line 159
Cake\Core\BasePlugin::{closure}() - ROOT/vendor/cakephp/debug_kit/config/bootstrap.php, line 42
Cake\Controller\Controller::__get() - CORE/src/Controller/Controller.php, line 387
App\Controller\NewsController::beforeFilter() - APP/Controller/NewsController.php, line 20
Cake\Event\EventManager::_callListener() - CORE/src/Event/EventManager.php, line 353
Cake\Event\EventManager::dispatch() - CORE/src/Event/EventManager.php, line 330
Cake\Controller\Controller::dispatchEvent() - CORE/src/Event/EventDispatcherTrait.php, line 114
Cake\Controller\Controller::startupProcess() - CORE/src/Controller/Controller.php, line 671
Cake\Http\ActionDispatcher::_invoke() - CORE/src/Http/ActionDispatcher.php, line 115
Cake\Http\ActionDispatcher::dispatch() - CORE/src/Http/ActionDispatcher.php, line 94
Cake\Http\BaseApplication::__invoke() - CORE/src/Http/BaseApplication.php, line 235
Cake\Http\Runner::__invoke() - CORE/src/Http/Runner.php, line 65
Cake\Http\Middleware\CsrfProtectionMiddleware::__invoke() - CORE/src/Http/Middleware/CsrfProtectionMiddleware.php, line 107
Cake\Http\Runner::__invoke() - CORE/src/Http/Runner.php, line 65
Cake\Routing\Middleware\RoutingMiddleware::__invoke() - CORE/src/Routing/Middleware/RoutingMiddleware.php, line 156
Cake\Http\Runner::__invoke() - CORE/src/Http/Runner.php, line 65
Cake\Routing\Middleware\AssetMiddleware::__invoke() - CORE/src/Routing/Middleware/AssetMiddleware.php, line 88
Cake\Http\Runner::__invoke() - CORE/src/Http/Runner.php, line 65
Cake\Error\Middleware\ErrorHandlerMiddleware::__invoke() - CORE/src/Error/Middleware/ErrorHandlerMiddleware.php, line 98
Cake\Http\Runner::__invoke() - CORE/src/Http/Runner.php, line 65
Cake\Http\Runner::run() - CORE/src/Http/Runner.php, line 51
Cake\Http\Server::run() - CORE/src/Http/Server.php, line 98
[main] - ROOT/webroot/index.php, line 40



2018-12-07 12:49:18 Notice: Notice (8): Undefined index: files in [/var/www/html/falconB/src/Controller/NewsController.php, line 141]
Request URL: /news/upload
Trace:
Cake\Error\BaseErrorHandler::handleError() - CORE/src/Error/BaseErrorHandler.php, line 159
Cake\Core\BasePlugin::{closure}() - ROOT/vendor/cakephp/debug_kit/config/bootstrap.php, line 42
App\Controller\NewsController::upload() - APP/Controller/NewsController.php, line 141
Cake\Controller\Controller::invokeAction() - CORE/src/Controller/Controller.php, line 609
Cake\Http\ActionDispatcher::_invoke() - CORE/src/Http/ActionDispatcher.php, line 120
Cake\Http\ActionDispatcher::dispatch() - CORE/src/Http/ActionDispatcher.php, line 94
Cake\Http\BaseApplication::__invoke() - CORE/src/Http/BaseApplication.php, line 235
Cake\Http\Runner::__invoke() - CORE/src/Http/Runner.php, line 65
Cake\Http\Middleware\CsrfProtectionMiddleware::__invoke() - CORE/src/Http/Middleware/CsrfProtectionMiddleware.php, line 107
Cake\Http\Runner::__invoke() - CORE/src/Http/Runner.php, line 65
Cake\Routing\Middleware\RoutingMiddleware::__invoke() - CORE/src/Routing/Middleware/RoutingMiddleware.php, line 156
Cake\Http\Runner::__invoke() - CORE/src/Http/Runner.php, line 65
Cake\Routing\Middleware\AssetMiddleware::__invoke() - CORE/src/Routing/Middleware/AssetMiddleware.php, line 88
Cake\Http\Runner::__invoke() - CORE/src/Http/Runner.php, line 65
Cake\Error\Middleware\ErrorHandlerMiddleware::__invoke() - CORE/src/Error/Middleware/ErrorHandlerMiddleware.php, line 98
Cake\Http\Runner::__invoke() - CORE/src/Http/Runner.php, line 65
Cake\Http\Runner::run() - CORE/src/Http/Runner.php, line 51
Cake\Http\Server::run() - CORE/src/Http/Server.php, line 98
[main] - ROOT/webroot/index.php, line 40



2018-12-07 12:49:18 Notice: Notice (8): Undefined variable: file_name in [/var/www/html/falconB/src/Controller/NewsController.php, line 148]
Request URL: /news/upload
Trace:
Cake\Error\BaseErrorHandler::handleError() - CORE/src/Error/BaseErrorHandler.php, line 159
Cake\Core\BasePlugin::{closure}() - ROOT/vendor/cakephp/debug_kit/config/bootstrap.php, line 42
App\Controller\NewsController::upload() - APP/Controller/NewsController.php, line 148
Cake\Controller\Controller::invokeAction() - CORE/src/Controller/Controller.php, line 609
Cake\Http\ActionDispatcher::_invoke() - CORE/src/Http/ActionDispatcher.php, line 120
Cake\Http\ActionDispatcher::dispatch() - CORE/src/Http/ActionDispatcher.php, line 94
Cake\Http\BaseApplication::__invoke() - CORE/src/Http/BaseApplication.php, line 235
Cake\Http\Runner::__invoke() - CORE/src/Http/Runner.php, line 65
Cake\Http\Middleware\CsrfProtectionMiddleware::__invoke() - CORE/src/Http/Middleware/CsrfProtectionMiddleware.php, line 107
Cake\Http\Runner::__invoke() - CORE/src/Http/Runner.php, line 65
Cake\Routing\Middleware\RoutingMiddleware::__invoke() - CORE/src/Routing/Middleware/RoutingMiddleware.php, line 156
Cake\Http\Runner::__invoke() - CORE/src/Http/Runner.php, line 65
Cake\Routing\Middleware\AssetMiddleware::__invoke() - CORE/src/Routing/Middleware/AssetMiddleware.php, line 88
Cake\Http\Runner::__invoke() - CORE/src/Http/Runner.php, line 65
Cake\Error\Middleware\ErrorHandlerMiddleware::__invoke() - CORE/src/Error/Middleware/ErrorHandlerMiddleware.php, line 98
Cake\Http\Runner::__invoke() - CORE/src/Http/Runner.php, line 65
Cake\Http\Runner::run() - CORE/src/Http/Runner.php, line 51
Cake\Http\Server::run() - CORE/src/Http/Server.php, line 98
[main] - ROOT/webroot/index.php, line 40



2018-12-10 07:29:10 Notice: Notice (8): Undefined variable: data in [/var/www/html/falconB/src/Controller/NewsController.php, line 68]
Request URL: /news/add
Referer URL: http://localhost/falconB/news/add
Trace:
Cake\Error\BaseErrorHandler::handleError() - CORE/src/Error/BaseErrorHandler.php, line 159
Cake\Core\BasePlugin::{closure}() - ROOT/vendor/cakephp/debug_kit/config/bootstrap.php, line 42
App\Controller\NewsController::add() - APP/Controller/NewsController.php, line 68
Cake\Controller\Controller::invokeAction() - CORE/src/Controller/Controller.php, line 609
Cake\Http\ActionDispatcher::_invoke() - CORE/src/Http/ActionDispatcher.php, line 120
Cake\Http\ActionDispatcher::dispatch() - CORE/src/Http/ActionDispatcher.php, line 94
Cake\Http\BaseApplication::__invoke() - CORE/src/Http/BaseApplication.php, line 235
Cake\Http\Runner::__invoke() - CORE/src/Http/Runner.php, line 65
Cake\Http\Middleware\CsrfProtectionMiddleware::__invoke() - CORE/src/Http/Middleware/CsrfProtectionMiddleware.php, line 107
Cake\Http\Runner::__invoke() - CORE/src/Http/Runner.php, line 65
Cake\Routing\Middleware\RoutingMiddleware::__invoke() - CORE/src/Routing/Middleware/RoutingMiddleware.php, line 156
Cake\Http\Runner::__invoke() - CORE/src/Http/Runner.php, line 65
Cake\Routing\Middleware\AssetMiddleware::__invoke() - CORE/src/Routing/Middleware/AssetMiddleware.php, line 88
Cake\Http\Runner::__invoke() - CORE/src/Http/Runner.php, line 65
Cake\Error\Middleware\ErrorHandlerMiddleware::__invoke() - CORE/src/Error/Middleware/ErrorHandlerMiddleware.php, line 98
Cake\Http\Runner::__invoke() - CORE/src/Http/Runner.php, line 65
Cake\Http\Runner::run() - CORE/src/Http/Runner.php, line 51
Cake\Http\Server::run() - CORE/src/Http/Server.php, line 98
[main] - ROOT/webroot/index.php, line 40



2018-12-10 07:29:10 Notice: Notice (8): Undefined variable: data in [/var/www/html/falconB/src/Controller/NewsController.php, line 69]
Request URL: /news/add
Referer URL: http://localhost/falconB/news/add
Trace:
Cake\Error\BaseErrorHandler::handleError() - CORE/src/Error/BaseErrorHandler.php, line 159
Cake\Core\BasePlugin::{closure}() - ROOT/vendor/cakephp/debug_kit/config/bootstrap.php, line 42
App\Controller\NewsController::add() - APP/Controller/NewsController.php, line 69
Cake\Controller\Controller::invokeAction() - CORE/src/Controller/Controller.php, line 609
Cake\Http\ActionDispatcher::_invoke() - CORE/src/Http/ActionDispatcher.php, line 120
Cake\Http\ActionDispatcher::dispatch() - CORE/src/Http/ActionDispatcher.php, line 94
Cake\Http\BaseApplication::__invoke() - CORE/src/Http/BaseApplication.php, line 235
Cake\Http\Runner::__invoke() - CORE/src/Http/Runner.php, line 65
Cake\Http\Middleware\CsrfProtectionMiddleware::__invoke() - CORE/src/Http/Middleware/CsrfProtectionMiddleware.php, line 107
Cake\Http\Runner::__invoke() - CORE/src/Http/Runner.php, line 65
Cake\Routing\Middleware\RoutingMiddleware::__invoke() - CORE/src/Routing/Middleware/RoutingMiddleware.php, line 156
Cake\Http\Runner::__invoke() - CORE/src/Http/Runner.php, line 65
Cake\Routing\Middleware\AssetMiddleware::__invoke() - CORE/src/Routing/Middleware/AssetMiddleware.php, line 88
Cake\Http\Runner::__invoke() - CORE/src/Http/Runner.php, line 65
Cake\Error\Middleware\ErrorHandlerMiddleware::__invoke() - CORE/src/Error/Middleware/ErrorHandlerMiddleware.php, line 98
Cake\Http\Runner::__invoke() - CORE/src/Http/Runner.php, line 65
Cake\Http\Runner::run() - CORE/src/Http/Runner.php, line 51
Cake\Http\Server::run() - CORE/src/Http/Server.php, line 98
[main] - ROOT/webroot/index.php, line 40



2018-12-10 07:50:59 Notice: Notice (8): Undefined variable: token in [/var/www/html/falconB/src/Controller/NewsController.php, line 61]
Request URL: /news/add
Trace:
Cake\Error\BaseErrorHandler::handleError() - CORE/src/Error/BaseErrorHandler.php, line 159
Cake\Core\BasePlugin::{closure}() - ROOT/vendor/cakephp/debug_kit/config/bootstrap.php, line 42
App\Controller\NewsController::add() - APP/Controller/NewsController.php, line 61
Cake\Controller\Controller::invokeAction() - CORE/src/Controller/Controller.php, line 609
Cake\Http\ActionDispatcher::_invoke() - CORE/src/Http/ActionDispatcher.php, line 120
Cake\Http\ActionDispatcher::dispatch() - CORE/src/Http/ActionDispatcher.php, line 94
Cake\Http\BaseApplication::__invoke() - CORE/src/Http/BaseApplication.php, line 235
Cake\Http\Runner::__invoke() - CORE/src/Http/Runner.php, line 65
Cake\Http\Middleware\CsrfProtectionMiddleware::__invoke() - CORE/src/Http/Middleware/CsrfProtectionMiddleware.php, line 107
Cake\Http\Runner::__invoke() - CORE/src/Http/Runner.php, line 65
Cake\Routing\Middleware\RoutingMiddleware::__invoke() - CORE/src/Routing/Middleware/RoutingMiddleware.php, line 156
Cake\Http\Runner::__invoke() - CORE/src/Http/Runner.php, line 65
Cake\Routing\Middleware\AssetMiddleware::__invoke() - CORE/src/Routing/Middleware/AssetMiddleware.php, line 88
Cake\Http\Runner::__invoke() - CORE/src/Http/Runner.php, line 65
Cake\Error\Middleware\ErrorHandlerMiddleware::__invoke() - CORE/src/Error/Middleware/ErrorHandlerMiddleware.php, line 98
Cake\Http\Runner::__invoke() - CORE/src/Http/Runner.php, line 65
Cake\Http\Runner::run() - CORE/src/Http/Runner.php, line 51
Cake\Http\Server::run() - CORE/src/Http/Server.php, line 98
[main] - ROOT/webroot/index.php, line 40



2018-12-10 07:51:14 Notice: Notice (8): Undefined variable: token in [/var/www/html/falconB/src/Controller/NewsController.php, line 61]
Request URL: /news/add
Trace:
Cake\Error\BaseErrorHandler::handleError() - CORE/src/Error/BaseErrorHandler.php, line 159
Cake\Core\BasePlugin::{closure}() - ROOT/vendor/cakephp/debug_kit/config/bootstrap.php, line 42
App\Controller\NewsController::add() - APP/Controller/NewsController.php, line 61
Cake\Controller\Controller::invokeAction() - CORE/src/Controller/Controller.php, line 609
Cake\Http\ActionDispatcher::_invoke() - CORE/src/Http/ActionDispatcher.php, line 120
Cake\Http\ActionDispatcher::dispatch() - CORE/src/Http/ActionDispatcher.php, line 94
Cake\Http\BaseApplication::__invoke() - CORE/src/Http/BaseApplication.php, line 235
Cake\Http\Runner::__invoke() - CORE/src/Http/Runner.php, line 65
Cake\Http\Middleware\CsrfProtectionMiddleware::__invoke() - CORE/src/Http/Middleware/CsrfProtectionMiddleware.php, line 107
Cake\Http\Runner::__invoke() - CORE/src/Http/Runner.php, line 65
Cake\Routing\Middleware\RoutingMiddleware::__invoke() - CORE/src/Routing/Middleware/RoutingMiddleware.php, line 156
Cake\Http\Runner::__invoke() - CORE/src/Http/Runner.php, line 65
Cake\Routing\Middleware\AssetMiddleware::__invoke() - CORE/src/Routing/Middleware/AssetMiddleware.php, line 88
Cake\Http\Runner::__invoke() - CORE/src/Http/Runner.php, line 65
Cake\Error\Middleware\ErrorHandlerMiddleware::__invoke() - CORE/src/Error/Middleware/ErrorHandlerMiddleware.php, line 98
Cake\Http\Runner::__invoke() - CORE/src/Http/Runner.php, line 65
Cake\Http\Runner::run() - CORE/src/Http/Runner.php, line 51
Cake\Http\Server::run() - CORE/src/Http/Server.php, line 98
[main] - ROOT/webroot/index.php, line 40



2018-12-10 08:11:46 Notice: Notice (8): Undefined variable: in in [/var/www/html/falconB/src/Template/News/index.ctp, line 20]
Request URL: /news
Referer URL: http://localhost/falconB/news/add
Trace:
Cake\Error\BaseErrorHandler::handleError() - CORE/src/Error/BaseErrorHandler.php, line 159
Cake\Core\BasePlugin::{closure}() - ROOT/vendor/cakephp/debug_kit/config/bootstrap.php, line 42
include - APP/Template/News/index.ctp, line 20
Cake\View\View::_evaluate() - CORE/src/View/View.php, line 1240
Cake\View\View::_render() - CORE/src/View/View.php, line 1201
Cake\View\View::render() - CORE/src/View/View.php, line 803
Cake\Controller\Controller::render() - CORE/src/Controller/Controller.php, line 790
Cake\Http\ActionDispatcher::_invoke() - CORE/src/Http/ActionDispatcher.php, line 126
Cake\Http\ActionDispatcher::dispatch() - CORE/src/Http/ActionDispatcher.php, line 94
Cake\Http\BaseApplication::__invoke() - CORE/src/Http/BaseApplication.php, line 235
Cake\Http\Runner::__invoke() - CORE/src/Http/Runner.php, line 65
Cake\Http\Middleware\CsrfProtectionMiddleware::__invoke() - CORE/src/Http/Middleware/CsrfProtectionMiddleware.php, line 107
Cake\Http\Runner::__invoke() - CORE/src/Http/Runner.php, line 65
Cake\Routing\Middleware\RoutingMiddleware::__invoke() - CORE/src/Routing/Middleware/RoutingMiddleware.php, line 156
Cake\Http\Runner::__invoke() - CORE/src/Http/Runner.php, line 65
Cake\Routing\Middleware\AssetMiddleware::__invoke() - CORE/src/Routing/Middleware/AssetMiddleware.php, line 88
Cake\Http\Runner::__invoke() - CORE/src/Http/Runner.php, line 65
Cake\Error\Middleware\ErrorHandlerMiddleware::__invoke() - CORE/src/Error/Middleware/ErrorHandlerMiddleware.php, line 98
Cake\Http\Runner::__invoke() - CORE/src/Http/Runner.php, line 65
Cake\Http\Runner::run() - CORE/src/Http/Runner.php, line 51
Cake\Http\Server::run() - CORE/src/Http/Server.php, line 98
[main] - ROOT/webroot/index.php, line 40



2018-12-10 08:23:18 Notice: Notice (8): Undefined property: Cake\ORM\ResultSet::$title in [/var/www/html/falconB/src/Template/News/index.ctp, line 27]
Request URL: /news
Referer URL: http://localhost/falconB/news/add
Trace:
Cake\Error\BaseErrorHandler::handleError() - CORE/src/Error/BaseErrorHandler.php, line 159
Cake\Core\BasePlugin::{closure}() - ROOT/vendor/cakephp/debug_kit/config/bootstrap.php, line 42
include - APP/Template/News/index.ctp, line 27
Cake\View\View::_evaluate() - CORE/src/View/View.php, line 1240
Cake\View\View::_render() - CORE/src/View/View.php, line 1201
Cake\View\View::render() - CORE/src/View/View.php, line 803
Cake\Controller\Controller::render() - CORE/src/Controller/Controller.php, line 790
Cake\Http\ActionDispatcher::_invoke() - CORE/src/Http/ActionDispatcher.php, line 126
Cake\Http\ActionDispatcher::dispatch() - CORE/src/Http/ActionDispatcher.php, line 94
Cake\Http\BaseApplication::__invoke() - CORE/src/Http/BaseApplication.php, line 235
Cake\Http\Runner::__invoke() - CORE/src/Http/Runner.php, line 65
Cake\Http\Middleware\CsrfProtectionMiddleware::__invoke() - CORE/src/Http/Middleware/CsrfProtectionMiddleware.php, line 107
Cake\Http\Runner::__invoke() - CORE/src/Http/Runner.php, line 65
Cake\Routing\Middleware\RoutingMiddleware::__invoke() - CORE/src/Routing/Middleware/RoutingMiddleware.php, line 156
Cake\Http\Runner::__invoke() - CORE/src/Http/Runner.php, line 65
Cake\Routing\Middleware\AssetMiddleware::__invoke() - CORE/src/Routing/Middleware/AssetMiddleware.php, line 88
Cake\Http\Runner::__invoke() - CORE/src/Http/Runner.php, line 65
Cake\Error\Middleware\ErrorHandlerMiddleware::__invoke() - CORE/src/Error/Middleware/ErrorHandlerMiddleware.php, line 98
Cake\Http\Runner::__invoke() - CORE/src/Http/Runner.php, line 65
Cake\Http\Runner::run() - CORE/src/Http/Runner.php, line 51
Cake\Http\Server::run() - CORE/src/Http/Server.php, line 98
[main] - ROOT/webroot/index.php, line 40



2018-12-10 08:50:02 Notice: Notice (8): Undefined variable: id in [/var/www/html/falconB/src/Controller/NewsController.php, line 51]
Request URL: /news/view/img/semin500x500.jpeg
Referer URL: http://localhost/falconB/news/view/Privet%20mir-id-7
Trace:
Cake\Error\BaseErrorHandler::handleError() - CORE/src/Error/BaseErrorHandler.php, line 159
Cake\Core\BasePlugin::{closure}() - ROOT/vendor/cakephp/debug_kit/config/bootstrap.php, line 42
App\Controller\NewsController::view() - APP/Controller/NewsController.php, line 51
Cake\Controller\Controller::invokeAction() - CORE/src/Controller/Controller.php, line 609
Cake\Http\ActionDispatcher::_invoke() - CORE/src/Http/ActionDispatcher.php, line 120
Cake\Http\ActionDispatcher::dispatch() - CORE/src/Http/ActionDispatcher.php, line 94
Cake\Http\BaseApplication::__invoke() - CORE/src/Http/BaseApplication.php, line 235
Cake\Http\Runner::__invoke() - CORE/src/Http/Runner.php, line 65
Cake\Http\Middleware\CsrfProtectionMiddleware::__invoke() - CORE/src/Http/Middleware/CsrfProtectionMiddleware.php, line 107
Cake\Http\Runner::__invoke() - CORE/src/Http/Runner.php, line 65
Cake\Routing\Middleware\RoutingMiddleware::__invoke() - CORE/src/Routing/Middleware/RoutingMiddleware.php, line 156
Cake\Http\Runner::__invoke() - CORE/src/Http/Runner.php, line 65
Cake\Routing\Middleware\AssetMiddleware::__invoke() - CORE/src/Routing/Middleware/AssetMiddleware.php, line 97
Cake\Http\Runner::__invoke() - CORE/src/Http/Runner.php, line 65
Cake\Error\Middleware\ErrorHandlerMiddleware::__invoke() - CORE/src/Error/Middleware/ErrorHandlerMiddleware.php, line 98
Cake\Http\Runner::__invoke() - CORE/src/Http/Runner.php, line 65
Cake\Http\Runner::run() - CORE/src/Http/Runner.php, line 51
Cake\Http\Server::run() - CORE/src/Http/Server.php, line 98
[main] - ROOT/webroot/index.php, line 40



2018-12-10 08:50:27 Notice: Notice (8): Undefined variable: id in [/var/www/html/falconB/src/Controller/NewsController.php, line 51]
Request URL: /news/view/img/semin500x500.jpeg
Referer URL: http://localhost/falconB/news/view/Privet%20mir-id-7
Trace:
Cake\Error\BaseErrorHandler::handleError() - CORE/src/Error/BaseErrorHandler.php, line 159
Cake\Core\BasePlugin::{closure}() - ROOT/vendor/cakephp/debug_kit/config/bootstrap.php, line 42
App\Controller\NewsController::view() - APP/Controller/NewsController.php, line 51
Cake\Controller\Controller::invokeAction() - CORE/src/Controller/Controller.php, line 609
Cake\Http\ActionDispatcher::_invoke() - CORE/src/Http/ActionDispatcher.php, line 120
Cake\Http\ActionDispatcher::dispatch() - CORE/src/Http/ActionDispatcher.php, line 94
Cake\Http\BaseApplication::__invoke() - CORE/src/Http/BaseApplication.php, line 235
Cake\Http\Runner::__invoke() - CORE/src/Http/Runner.php, line 65
Cake\Http\Middleware\CsrfProtectionMiddleware::__invoke() - CORE/src/Http/Middleware/CsrfProtectionMiddleware.php, line 107
Cake\Http\Runner::__invoke() - CORE/src/Http/Runner.php, line 65
Cake\Routing\Middleware\RoutingMiddleware::__invoke() - CORE/src/Routing/Middleware/RoutingMiddleware.php, line 156
Cake\Http\Runner::__invoke() - CORE/src/Http/Runner.php, line 65
Cake\Routing\Middleware\AssetMiddleware::__invoke() - CORE/src/Routing/Middleware/AssetMiddleware.php, line 97
Cake\Http\Runner::__invoke() - CORE/src/Http/Runner.php, line 65
Cake\Error\Middleware\ErrorHandlerMiddleware::__invoke() - CORE/src/Error/Middleware/ErrorHandlerMiddleware.php, line 98
Cake\Http\Runner::__invoke() - CORE/src/Http/Runner.php, line 65
Cake\Http\Runner::run() - CORE/src/Http/Runner.php, line 51
Cake\Http\Server::run() - CORE/src/Http/Server.php, line 98
[main] - ROOT/webroot/index.php, line 40



2018-12-11 08:02:05 Notice: Notice (8): Trying to get property of non-object in [/var/www/html/falconB/src/Controller/UsersController.php, line 16]
Request URL: /users/login
Referer URL: http://localhost/falconB/users/login
Trace:
Cake\Error\BaseErrorHandler::handleError() - CORE/src/Error/BaseErrorHandler.php, line 159
Cake\Core\BasePlugin::{closure}() - ROOT/vendor/cakephp/debug_kit/config/bootstrap.php, line 42
App\Controller\UsersController::login() - APP/Controller/UsersController.php, line 16
Cake\Controller\Controller::invokeAction() - CORE/src/Controller/Controller.php, line 609
Cake\Http\ActionDispatcher::_invoke() - CORE/src/Http/ActionDispatcher.php, line 120
Cake\Http\ActionDispatcher::dispatch() - CORE/src/Http/ActionDispatcher.php, line 94
Cake\Http\BaseApplication::__invoke() - CORE/src/Http/BaseApplication.php, line 235
Cake\Http\Runner::__invoke() - CORE/src/Http/Runner.php, line 65
Cake\Http\Middleware\CsrfProtectionMiddleware::__invoke() - CORE/src/Http/Middleware/CsrfProtectionMiddleware.php, line 107
Cake\Http\Runner::__invoke() - CORE/src/Http/Runner.php, line 65
Cake\Routing\Middleware\RoutingMiddleware::__invoke() - CORE/src/Routing/Middleware/RoutingMiddleware.php, line 156
Cake\Http\Runner::__invoke() - CORE/src/Http/Runner.php, line 65
Cake\Routing\Middleware\AssetMiddleware::__invoke() - CORE/src/Routing/Middleware/AssetMiddleware.php, line 88
Cake\Http\Runner::__invoke() - CORE/src/Http/Runner.php, line 65
Cake\Error\Middleware\ErrorHandlerMiddleware::__invoke() - CORE/src/Error/Middleware/ErrorHandlerMiddleware.php, line 98
Cake\Http\Runner::__invoke() - CORE/src/Http/Runner.php, line 65
Cake\Http\Runner::run() - CORE/src/Http/Runner.php, line 51
Cake\Http\Server::run() - CORE/src/Http/Server.php, line 98
[main] - ROOT/webroot/index.php, line 40



2018-12-11 08:50:28 Notice: Notice (8): Undefined variable: new in [/var/www/html/falconB/src/Template/News/news.ctp, line 22]
Request URL: /news/news
Referer URL: http://localhost/falconB/news/news
Trace:
Cake\Error\BaseErrorHandler::handleError() - CORE/src/Error/BaseErrorHandler.php, line 159
Cake\Core\BasePlugin::{closure}() - ROOT/vendor/cakephp/debug_kit/config/bootstrap.php, line 42
include - APP/Template/News/news.ctp, line 22
Cake\View\View::_evaluate() - CORE/src/View/View.php, line 1240
Cake\View\View::_render() - CORE/src/View/View.php, line 1201
Cake\View\View::render() - CORE/src/View/View.php, line 803
Cake\Controller\Controller::render() - CORE/src/Controller/Controller.php, line 790
Cake\Http\ActionDispatcher::_invoke() - CORE/src/Http/ActionDispatcher.php, line 126
Cake\Http\ActionDispatcher::dispatch() - CORE/src/Http/ActionDispatcher.php, line 94
Cake\Http\BaseApplication::__invoke() - CORE/src/Http/BaseApplication.php, line 235
Cake\Http\Runner::__invoke() - CORE/src/Http/Runner.php, line 65
Cake\Http\Middleware\CsrfProtectionMiddleware::__invoke() - CORE/src/Http/Middleware/CsrfProtectionMiddleware.php, line 107
Cake\Http\Runner::__invoke() - CORE/src/Http/Runner.php, line 65
Cake\Routing\Middleware\RoutingMiddleware::__invoke() - CORE/src/Routing/Middleware/RoutingMiddleware.php, line 156
Cake\Http\Runner::__invoke() - CORE/src/Http/Runner.php, line 65
Cake\Routing\Middleware\AssetMiddleware::__invoke() - CORE/src/Routing/Middleware/AssetMiddleware.php, line 88
Cake\Http\Runner::__invoke() - CORE/src/Http/Runner.php, line 65
Cake\Error\Middleware\ErrorHandlerMiddleware::__invoke() - CORE/src/Error/Middleware/ErrorHandlerMiddleware.php, line 98
Cake\Http\Runner::__invoke() - CORE/src/Http/Runner.php, line 65
Cake\Http\Runner::run() - CORE/src/Http/Runner.php, line 51
Cake\Http\Server::run() - CORE/src/Http/Server.php, line 98
[main] - ROOT/webroot/index.php, line 40



2018-12-11 08:50:28 Notice: Notice (8): Trying to get property of non-object in [/var/www/html/falconB/src/Template/News/news.ctp, line 22]
Request URL: /news/news
Referer URL: http://localhost/falconB/news/news
Trace:
Cake\Error\BaseErrorHandler::handleError() - CORE/src/Error/BaseErrorHandler.php, line 159
Cake\Core\BasePlugin::{closure}() - ROOT/vendor/cakephp/debug_kit/config/bootstrap.php, line 42
include - APP/Template/News/news.ctp, line 22
Cake\View\View::_evaluate() - CORE/src/View/View.php, line 1240
Cake\View\View::_render() - CORE/src/View/View.php, line 1201
Cake\View\View::render() - CORE/src/View/View.php, line 803
Cake\Controller\Controller::render() - CORE/src/Controller/Controller.php, line 790
Cake\Http\ActionDispatcher::_invoke() - CORE/src/Http/ActionDispatcher.php, line 126
Cake\Http\ActionDispatcher::dispatch() - CORE/src/Http/ActionDispatcher.php, line 94
Cake\Http\BaseApplication::__invoke() - CORE/src/Http/BaseApplication.php, line 235
Cake\Http\Runner::__invoke() - CORE/src/Http/Runner.php, line 65
Cake\Http\Middleware\CsrfProtectionMiddleware::__invoke() - CORE/src/Http/Middleware/CsrfProtectionMiddleware.php, line 107
Cake\Http\Runner::__invoke() - CORE/src/Http/Runner.php, line 65
Cake\Routing\Middleware\RoutingMiddleware::__invoke() - CORE/src/Routing/Middleware/RoutingMiddleware.php, line 156
Cake\Http\Runner::__invoke() - CORE/src/Http/Runner.php, line 65
Cake\Routing\Middleware\AssetMiddleware::__invoke() - CORE/src/Routing/Middleware/AssetMiddleware.php, line 88
Cake\Http\Runner::__invoke() - CORE/src/Http/Runner.php, line 65
Cake\Error\Middleware\ErrorHandlerMiddleware::__invoke() - CORE/src/Error/Middleware/ErrorHandlerMiddleware.php, line 98
Cake\Http\Runner::__invoke() - CORE/src/Http/Runner.php, line 65
Cake\Http\Runner::run() - CORE/src/Http/Runner.php, line 51
Cake\Http\Server::run() - CORE/src/Http/Server.php, line 98
[main] - ROOT/webroot/index.php, line 40



2018-12-11 08:50:28 Notice: Notice (8): Undefined variable: new in [/var/www/html/falconB/src/Template/News/news.ctp, line 23]
Request URL: /news/news
Referer URL: http://localhost/falconB/news/news
Trace:
Cake\Error\BaseErrorHandler::handleError() - CORE/src/Error/BaseErrorHandler.php, line 159
Cake\Core\BasePlugin::{closure}() - ROOT/vendor/cakephp/debug_kit/config/bootstrap.php, line 42
include - APP/Template/News/news.ctp, line 23
Cake\View\View::_evaluate() - CORE/src/View/View.php, line 1240
Cake\View\View::_render() - CORE/src/View/View.php, line 1201
Cake\View\View::render() - CORE/src/View/View.php, line 803
Cake\Controller\Controller::render() - CORE/src/Controller/Controller.php, line 790
Cake\Http\ActionDispatcher::_invoke() - CORE/src/Http/ActionDispatcher.php, line 126
Cake\Http\ActionDispatcher::dispatch() - CORE/src/Http/ActionDispatcher.php, line 94
Cake\Http\BaseApplication::__invoke() - CORE/src/Http/BaseApplication.php, line 235
Cake\Http\Runner::__invoke() - CORE/src/Http/Runner.php, line 65
Cake\Http\Middleware\CsrfProtectionMiddleware::__invoke() - CORE/src/Http/Middleware/CsrfProtectionMiddleware.php, line 107
Cake\Http\Runner::__invoke() - CORE/src/Http/Runner.php, line 65
Cake\Routing\Middleware\RoutingMiddleware::__invoke() - CORE/src/Routing/Middleware/RoutingMiddleware.php, line 156
Cake\Http\Runner::__invoke() - CORE/src/Http/Runner.php, line 65
Cake\Routing\Middleware\AssetMiddleware::__invoke() - CORE/src/Routing/Middleware/AssetMiddleware.php, line 88
Cake\Http\Runner::__invoke() - CORE/src/Http/Runner.php, line 65
Cake\Error\Middleware\ErrorHandlerMiddleware::__invoke() - CORE/src/Error/Middleware/ErrorHandlerMiddleware.php, line 98
Cake\Http\Runner::__invoke() - CORE/src/Http/Runner.php, line 65
Cake\Http\Runner::run() - CORE/src/Http/Runner.php, line 51
Cake\Http\Server::run() - CORE/src/Http/Server.php, line 98
[main] - ROOT/webroot/index.php, line 40



2018-12-11 08:50:28 Notice: Notice (8): Trying to get property of non-object in [/var/www/html/falconB/src/Template/News/news.ctp, line 23]
Request URL: /news/news
Referer URL: http://localhost/falconB/news/news
Trace:
Cake\Error\BaseErrorHandler::handleError() - CORE/src/Error/BaseErrorHandler.php, line 159
Cake\Core\BasePlugin::{closure}() - ROOT/vendor/cakephp/debug_kit/config/bootstrap.php, line 42
include - APP/Template/News/news.ctp, line 23
Cake\View\View::_evaluate() - CORE/src/View/View.php, line 1240
Cake\View\View::_render() - CORE/src/View/View.php, line 1201
Cake\View\View::render() - CORE/src/View/View.php, line 803
Cake\Controller\Controller::render() - CORE/src/Controller/Controller.php, line 790
Cake\Http\ActionDispatcher::_invoke() - CORE/src/Http/ActionDispatcher.php, line 126
Cake\Http\ActionDispatcher::dispatch() - CORE/src/Http/ActionDispatcher.php, line 94
Cake\Http\BaseApplication::__invoke() - CORE/src/Http/BaseApplication.php, line 235
Cake\Http\Runner::__invoke() - CORE/src/Http/Runner.php, line 65
Cake\Http\Middleware\CsrfProtectionMiddleware::__invoke() - CORE/src/Http/Middleware/CsrfProtectionMiddleware.php, line 107
Cake\Http\Runner::__invoke() - CORE/src/Http/Runner.php, line 65
Cake\Routing\Middleware\RoutingMiddleware::__invoke() - CORE/src/Routing/Middleware/RoutingMiddleware.php, line 156
Cake\Http\Runner::__invoke() - CORE/src/Http/Runner.php, line 65
Cake\Routing\Middleware\AssetMiddleware::__invoke() - CORE/src/Routing/Middleware/AssetMiddleware.php, line 88
Cake\Http\Runner::__invoke() - CORE/src/Http/Runner.php, line 65
Cake\Error\Middleware\ErrorHandlerMiddleware::__invoke() - CORE/src/Error/Middleware/ErrorHandlerMiddleware.php, line 98
Cake\Http\Runner::__invoke() - CORE/src/Http/Runner.php, line 65
Cake\Http\Runner::run() - CORE/src/Http/Runner.php, line 51
Cake\Http\Server::run() - CORE/src/Http/Server.php, line 98
[main] - ROOT/webroot/index.php, line 40



2018-12-11 08:50:28 Notice: Notice (8): Undefined variable: new in [/var/www/html/falconB/src/Template/News/news.ctp, line 24]
Request URL: /news/news
Referer URL: http://localhost/falconB/news/news
Trace:
Cake\Error\BaseErrorHandler::handleError() - CORE/src/Error/BaseErrorHandler.php, line 159
Cake\Core\BasePlugin::{closure}() - ROOT/vendor/cakephp/debug_kit/config/bootstrap.php, line 42
include - APP/Template/News/news.ctp, line 24
Cake\View\View::_evaluate() - CORE/src/View/View.php, line 1240
Cake\View\View::_render() - CORE/src/View/View.php, line 1201
Cake\View\View::render() - CORE/src/View/View.php, line 803
Cake\Controller\Controller::render() - CORE/src/Controller/Controller.php, line 790
Cake\Http\ActionDispatcher::_invoke() - CORE/src/Http/ActionDispatcher.php, line 126
Cake\Http\ActionDispatcher::dispatch() - CORE/src/Http/ActionDispatcher.php, line 94
Cake\Http\BaseApplication::__invoke() - CORE/src/Http/BaseApplication.php, line 235
Cake\Http\Runner::__invoke() - CORE/src/Http/Runner.php, line 65
Cake\Http\Middleware\CsrfProtectionMiddleware::__invoke() - CORE/src/Http/Middleware/CsrfProtectionMiddleware.php, line 107
Cake\Http\Runner::__invoke() - CORE/src/Http/Runner.php, line 65
Cake\Routing\Middleware\RoutingMiddleware::__invoke() - CORE/src/Routing/Middleware/RoutingMiddleware.php, line 156
Cake\Http\Runner::__invoke() - CORE/src/Http/Runner.php, line 65
Cake\Routing\Middleware\AssetMiddleware::__invoke() - CORE/src/Routing/Middleware/AssetMiddleware.php, line 88
Cake\Http\Runner::__invoke() - CORE/src/Http/Runner.php, line 65
Cake\Error\Middleware\ErrorHandlerMiddleware::__invoke() - CORE/src/Error/Middleware/ErrorHandlerMiddleware.php, line 98
Cake\Http\Runner::__invoke() - CORE/src/Http/Runner.php, line 65
Cake\Http\Runner::run() - CORE/src/Http/Runner.php, line 51
Cake\Http\Server::run() - CORE/src/Http/Server.php, line 98
[main] - ROOT/webroot/index.php, line 40



2018-12-11 08:50:28 Notice: Notice (8): Trying to get property of non-object in [/var/www/html/falconB/src/Template/News/news.ctp, line 24]
Request URL: /news/news
Referer URL: http://localhost/falconB/news/news
Trace:
Cake\Error\BaseErrorHandler::handleError() - CORE/src/Error/BaseErrorHandler.php, line 159
Cake\Core\BasePlugin::{closure}() - ROOT/vendor/cakephp/debug_kit/config/bootstrap.php, line 42
include - APP/Template/News/news.ctp, line 24
Cake\View\View::_evaluate() - CORE/src/View/View.php, line 1240
Cake\View\View::_render() - CORE/src/View/View.php, line 1201
Cake\View\View::render() - CORE/src/View/View.php, line 803
Cake\Controller\Controller::render() - CORE/src/Controller/Controller.php, line 790
Cake\Http\ActionDispatcher::_invoke() - CORE/src/Http/ActionDispatcher.php, line 126
Cake\Http\ActionDispatcher::dispatch() - CORE/src/Http/ActionDispatcher.php, line 94
Cake\Http\BaseApplication::__invoke() - CORE/src/Http/BaseApplication.php, line 235
Cake\Http\Runner::__invoke() - CORE/src/Http/Runner.php, line 65
Cake\Http\Middleware\CsrfProtectionMiddleware::__invoke() - CORE/src/Http/Middleware/CsrfProtectionMiddleware.php, line 107
Cake\Http\Runner::__invoke() - CORE/src/Http/Runner.php, line 65
Cake\Routing\Middleware\RoutingMiddleware::__invoke() - CORE/src/Routing/Middleware/RoutingMiddleware.php, line 156
Cake\Http\Runner::__invoke() - CORE/src/Http/Runner.php, line 65
Cake\Routing\Middleware\AssetMiddleware::__invoke() - CORE/src/Routing/Middleware/AssetMiddleware.php, line 88
Cake\Http\Runner::__invoke() - CORE/src/Http/Runner.php, line 65
Cake\Error\Middleware\ErrorHandlerMiddleware::__invoke() - CORE/src/Error/Middleware/ErrorHandlerMiddleware.php, line 98
Cake\Http\Runner::__invoke() - CORE/src/Http/Runner.php, line 65
Cake\Http\Runner::run() - CORE/src/Http/Runner.php, line 51
Cake\Http\Server::run() - CORE/src/Http/Server.php, line 98
[main] - ROOT/webroot/index.php, line 40



2018-12-11 10:01:55 Notice: Deprecated (16384): Use Cake\Http\Exception\NotFoundException instead of Cake\Network\Exception\NotFoundException. - /var/www/html/falconB/vendor/composer/ClassLoader.php, line: 412
 You can disable deprecation warnings by setting `Error.errorLevel` to `E_ALL & ~E_USER_DEPRECATED` in your config/app.php. in [/var/www/html/falconB/vendor/cakephp/cakephp/src/Core/functions.php, line 310]
Request URL: /
Trace:
Cake\Error\BaseErrorHandler::handleError() - CORE/src/Error/BaseErrorHandler.php, line 159
deprecationWarning - CORE/src/Core/functions.php, line 310
include - CORE/src/Network/Exception/NotFoundException.php, line 4
Composer\Autoload\includeFile - ROOT/vendor/composer/ClassLoader.php, line 412
Composer\Autoload\ClassLoader::loadClass() - ROOT/vendor/composer/ClassLoader.php, line 301
spl_autoload_call - [internal], line ??
include - APP/Template/Pages/home.ctp, line 25
Cake\View\View::_evaluate() - CORE/src/View/View.php, line 1240
Cake\View\View::_render() - CORE/src/View/View.php, line 1201
Cake\View\View::render() - CORE/src/View/View.php, line 803
Cake\Controller\Controller::render() - CORE/src/Controller/Controller.php, line 790
App\Controller\PagesController::display() - APP/Controller/PagesController.php, line 61
Cake\Controller\Controller::invokeAction() - CORE/src/Controller/Controller.php, line 609
Cake\Http\ActionDispatcher::_invoke() - CORE/src/Http/ActionDispatcher.php, line 120
Cake\Http\ActionDispatcher::dispatch() - CORE/src/Http/ActionDispatcher.php, line 94
Cake\Http\BaseApplication::__invoke() - CORE/src/Http/BaseApplication.php, line 235
Cake\Http\Runner::__invoke() - CORE/src/Http/Runner.php, line 65
Cake\Http\Middleware\CsrfProtectionMiddleware::__invoke() - CORE/src/Http/Middleware/CsrfProtectionMiddleware.php, line 107
Cake\Http\Runner::__invoke() - CORE/src/Http/Runner.php, line 65
Cake\Routing\Middleware\RoutingMiddleware::__invoke() - CORE/src/Routing/Middleware/RoutingMiddleware.php, line 156
Cake\Http\Runner::__invoke() - CORE/src/Http/Runner.php, line 65
Cake\Routing\Middleware\AssetMiddleware::__invoke() - CORE/src/Routing/Middleware/AssetMiddleware.php, line 88
Cake\Http\Runner::__invoke() - CORE/src/Http/Runner.php, line 65
Cake\Error\Middleware\ErrorHandlerMiddleware::__invoke() - CORE/src/Error/Middleware/ErrorHandlerMiddleware.php, line 98
Cake\Http\Runner::__invoke() - CORE/src/Http/Runner.php, line 65
Cake\Http\Runner::run() - CORE/src/Http/Runner.php, line 51
Cake\Http\Server::run() - CORE/src/Http/Server.php, line 98
[main] - ROOT/webroot/index.php, line 40



2018-12-11 10:01:56 Notice: Deprecated (16384): Use Cake\Http\Exception\NotFoundException instead of Cake\Network\Exception\NotFoundException. - /var/www/html/falconB/vendor/composer/ClassLoader.php, line: 412
 You can disable deprecation warnings by setting `Error.errorLevel` to `E_ALL & ~E_USER_DEPRECATED` in your config/app.php. in [/var/www/html/falconB/vendor/cakephp/cakephp/src/Core/functions.php, line 310]
Request URL: /
Trace:
Cake\Error\BaseErrorHandler::handleError() - CORE/src/Error/BaseErrorHandler.php, line 159
deprecationWarning - CORE/src/Core/functions.php, line 310
include - CORE/src/Network/Exception/NotFoundException.php, line 4
Composer\Autoload\includeFile - ROOT/vendor/composer/ClassLoader.php, line 412
Composer\Autoload\ClassLoader::loadClass() - ROOT/vendor/composer/ClassLoader.php, line 301
spl_autoload_call - [internal], line ??
include - APP/Template/Pages/home.ctp, line 25
Cake\View\View::_evaluate() - CORE/src/View/View.php, line 1240
Cake\View\View::_render() - CORE/src/View/View.php, line 1201
Cake\View\View::render() - CORE/src/View/View.php, line 803
Cake\Controller\Controller::render() - CORE/src/Controller/Controller.php, line 790
App\Controller\PagesController::display() - APP/Controller/PagesController.php, line 61
Cake\Controller\Controller::invokeAction() - CORE/src/Controller/Controller.php, line 609
Cake\Http\ActionDispatcher::_invoke() - CORE/src/Http/ActionDispatcher.php, line 120
Cake\Http\ActionDispatcher::dispatch() - CORE/src/Http/ActionDispatcher.php, line 94
Cake\Http\BaseApplication::__invoke() - CORE/src/Http/BaseApplication.php, line 235
Cake\Http\Runner::__invoke() - CORE/src/Http/Runner.php, line 65
Cake\Http\Middleware\CsrfProtectionMiddleware::__invoke() - CORE/src/Http/Middleware/CsrfProtectionMiddleware.php, line 107
Cake\Http\Runner::__invoke() - CORE/src/Http/Runner.php, line 65
Cake\Routing\Middleware\RoutingMiddleware::__invoke() - CORE/src/Routing/Middleware/RoutingMiddleware.php, line 156
Cake\Http\Runner::__invoke() - CORE/src/Http/Runner.php, line 65
Cake\Routing\Middleware\AssetMiddleware::__invoke() - CORE/src/Routing/Middleware/AssetMiddleware.php, line 88
Cake\Http\Runner::__invoke() - CORE/src/Http/Runner.php, line 65
Cake\Error\Middleware\ErrorHandlerMiddleware::__invoke() - CORE/src/Error/Middleware/ErrorHandlerMiddleware.php, line 98
Cake\Http\Runner::__invoke() - CORE/src/Http/Runner.php, line 65
Cake\Http\Runner::run() - CORE/src/Http/Runner.php, line 51
Cake\Http\Server::run() - CORE/src/Http/Server.php, line 98
[main] - ROOT/webroot/index.php, line 40



2019-01-03 15:27:02 Notice: Notice (8): Undefined variable: renter in [/var/www/html/StomfarmService/src/Template/Users/users.ctp, line 22]
Request URL: /users/users
Referer URL: http://localhost/StomfarmService/admin
Trace:
Cake\Error\BaseErrorHandler::handleError() - CORE/src/Error/BaseErrorHandler.php, line 159
Cake\Core\BasePlugin::{closure}() - ROOT/vendor/cakephp/debug_kit/config/bootstrap.php, line 42
include - APP/Template/Users/users.ctp, line 22
Cake\View\View::_evaluate() - CORE/src/View/View.php, line 1240
Cake\View\View::_render() - CORE/src/View/View.php, line 1201
Cake\View\View::render() - CORE/src/View/View.php, line 803
Cake\Controller\Controller::render() - CORE/src/Controller/Controller.php, line 790
Cake\Http\ActionDispatcher::_invoke() - CORE/src/Http/ActionDispatcher.php, line 126
Cake\Http\ActionDispatcher::dispatch() - CORE/src/Http/ActionDispatcher.php, line 94
Cake\Http\BaseApplication::__invoke() - CORE/src/Http/BaseApplication.php, line 235
Cake\Http\Runner::__invoke() - CORE/src/Http/Runner.php, line 65
Cake\Http\Middleware\CsrfProtectionMiddleware::__invoke() - CORE/src/Http/Middleware/CsrfProtectionMiddleware.php, line 107
Cake\Http\Runner::__invoke() - CORE/src/Http/Runner.php, line 65
Cake\Routing\Middleware\RoutingMiddleware::__invoke() - CORE/src/Routing/Middleware/RoutingMiddleware.php, line 156
Cake\Http\Runner::__invoke() - CORE/src/Http/Runner.php, line 65
Cake\Routing\Middleware\AssetMiddleware::__invoke() - CORE/src/Routing/Middleware/AssetMiddleware.php, line 88
Cake\Http\Runner::__invoke() - CORE/src/Http/Runner.php, line 65
Cake\Error\Middleware\ErrorHandlerMiddleware::__invoke() - CORE/src/Error/Middleware/ErrorHandlerMiddleware.php, line 98
Cake\Http\Runner::__invoke() - CORE/src/Http/Runner.php, line 65
DebugKit\Middleware\DebugKitMiddleware::__invoke() - ROOT/vendor/cakephp/debug_kit/src/Middleware/DebugKitMiddleware.php, line 53
Cake\Http\Runner::__invoke() - CORE/src/Http/Runner.php, line 65
Cake\Http\Runner::run() - CORE/src/Http/Runner.php, line 51
Cake\Http\Server::run() - CORE/src/Http/Server.php, line 98
[main] - ROOT/webroot/index.php, line 40



2019-01-03 15:27:02 Notice: Notice (8): Trying to get property of non-object in [/var/www/html/StomfarmService/src/Template/Users/users.ctp, line 22]
Request URL: /users/users
Referer URL: http://localhost/StomfarmService/admin
Trace:
Cake\Error\BaseErrorHandler::handleError() - CORE/src/Error/BaseErrorHandler.php, line 159
Cake\Core\BasePlugin::{closure}() - ROOT/vendor/cakephp/debug_kit/config/bootstrap.php, line 42
include - APP/Template/Users/users.ctp, line 22
Cake\View\View::_evaluate() - CORE/src/View/View.php, line 1240
Cake\View\View::_render() - CORE/src/View/View.php, line 1201
Cake\View\View::render() - CORE/src/View/View.php, line 803
Cake\Controller\Controller::render() - CORE/src/Controller/Controller.php, line 790
Cake\Http\ActionDispatcher::_invoke() - CORE/src/Http/ActionDispatcher.php, line 126
Cake\Http\ActionDispatcher::dispatch() - CORE/src/Http/ActionDispatcher.php, line 94
Cake\Http\BaseApplication::__invoke() - CORE/src/Http/BaseApplication.php, line 235
Cake\Http\Runner::__invoke() - CORE/src/Http/Runner.php, line 65
Cake\Http\Middleware\CsrfProtectionMiddleware::__invoke() - CORE/src/Http/Middleware/CsrfProtectionMiddleware.php, line 107
Cake\Http\Runner::__invoke() - CORE/src/Http/Runner.php, line 65
Cake\Routing\Middleware\RoutingMiddleware::__invoke() - CORE/src/Routing/Middleware/RoutingMiddleware.php, line 156
Cake\Http\Runner::__invoke() - CORE/src/Http/Runner.php, line 65
Cake\Routing\Middleware\AssetMiddleware::__invoke() - CORE/src/Routing/Middleware/AssetMiddleware.php, line 88
Cake\Http\Runner::__invoke() - CORE/src/Http/Runner.php, line 65
Cake\Error\Middleware\ErrorHandlerMiddleware::__invoke() - CORE/src/Error/Middleware/ErrorHandlerMiddleware.php, line 98
Cake\Http\Runner::__invoke() - CORE/src/Http/Runner.php, line 65
DebugKit\Middleware\DebugKitMiddleware::__invoke() - ROOT/vendor/cakephp/debug_kit/src/Middleware/DebugKitMiddleware.php, line 53
Cake\Http\Runner::__invoke() - CORE/src/Http/Runner.php, line 65
Cake\Http\Runner::run() - CORE/src/Http/Runner.php, line 51
Cake\Http\Server::run() - CORE/src/Http/Server.php, line 98
[main] - ROOT/webroot/index.php, line 40



2019-01-03 15:27:02 Notice: Notice (8): Undefined variable: renter in [/var/www/html/StomfarmService/src/Template/Users/users.ctp, line 27]
Request URL: /users/users
Referer URL: http://localhost/StomfarmService/admin
Trace:
Cake\Error\BaseErrorHandler::handleError() - CORE/src/Error/BaseErrorHandler.php, line 159
Cake\Core\BasePlugin::{closure}() - ROOT/vendor/cakephp/debug_kit/config/bootstrap.php, line 42
include - APP/Template/Users/users.ctp, line 27
Cake\View\View::_evaluate() - CORE/src/View/View.php, line 1240
Cake\View\View::_render() - CORE/src/View/View.php, line 1201
Cake\View\View::render() - CORE/src/View/View.php, line 803
Cake\Controller\Controller::render() - CORE/src/Controller/Controller.php, line 790
Cake\Http\ActionDispatcher::_invoke() - CORE/src/Http/ActionDispatcher.php, line 126
Cake\Http\ActionDispatcher::dispatch() - CORE/src/Http/ActionDispatcher.php, line 94
Cake\Http\BaseApplication::__invoke() - CORE/src/Http/BaseApplication.php, line 235
Cake\Http\Runner::__invoke() - CORE/src/Http/Runner.php, line 65
Cake\Http\Middleware\CsrfProtectionMiddleware::__invoke() - CORE/src/Http/Middleware/CsrfProtectionMiddleware.php, line 107
Cake\Http\Runner::__invoke() - CORE/src/Http/Runner.php, line 65
Cake\Routing\Middleware\RoutingMiddleware::__invoke() - CORE/src/Routing/Middleware/RoutingMiddleware.php, line 156
Cake\Http\Runner::__invoke() - CORE/src/Http/Runner.php, line 65
Cake\Routing\Middleware\AssetMiddleware::__invoke() - CORE/src/Routing/Middleware/AssetMiddleware.php, line 88
Cake\Http\Runner::__invoke() - CORE/src/Http/Runner.php, line 65
Cake\Error\Middleware\ErrorHandlerMiddleware::__invoke() - CORE/src/Error/Middleware/ErrorHandlerMiddleware.php, line 98
Cake\Http\Runner::__invoke() - CORE/src/Http/Runner.php, line 65
DebugKit\Middleware\DebugKitMiddleware::__invoke() - ROOT/vendor/cakephp/debug_kit/src/Middleware/DebugKitMiddleware.php, line 53
Cake\Http\Runner::__invoke() - CORE/src/Http/Runner.php, line 65
Cake\Http\Runner::run() - CORE/src/Http/Runner.php, line 51
Cake\Http\Server::run() - CORE/src/Http/Server.php, line 98
[main] - ROOT/webroot/index.php, line 40



2019-01-03 15:27:02 Notice: Notice (8): Trying to get property of non-object in [/var/www/html/StomfarmService/src/Template/Users/users.ctp, line 27]
Request URL: /users/users
Referer URL: http://localhost/StomfarmService/admin
Trace:
Cake\Error\BaseErrorHandler::handleError() - CORE/src/Error/BaseErrorHandler.php, line 159
Cake\Core\BasePlugin::{closure}() - ROOT/vendor/cakephp/debug_kit/config/bootstrap.php, line 42
include - APP/Template/Users/users.ctp, line 27
Cake\View\View::_evaluate() - CORE/src/View/View.php, line 1240
Cake\View\View::_render() - CORE/src/View/View.php, line 1201
Cake\View\View::render() - CORE/src/View/View.php, line 803
Cake\Controller\Controller::render() - CORE/src/Controller/Controller.php, line 790
Cake\Http\ActionDispatcher::_invoke() - CORE/src/Http/ActionDispatcher.php, line 126
Cake\Http\ActionDispatcher::dispatch() - CORE/src/Http/ActionDispatcher.php, line 94
Cake\Http\BaseApplication::__invoke() - CORE/src/Http/BaseApplication.php, line 235
Cake\Http\Runner::__invoke() - CORE/src/Http/Runner.php, line 65
Cake\Http\Middleware\CsrfProtectionMiddleware::__invoke() - CORE/src/Http/Middleware/CsrfProtectionMiddleware.php, line 107
Cake\Http\Runner::__invoke() - CORE/src/Http/Runner.php, line 65
Cake\Routing\Middleware\RoutingMiddleware::__invoke() - CORE/src/Routing/Middleware/RoutingMiddleware.php, line 156
Cake\Http\Runner::__invoke() - CORE/src/Http/Runner.php, line 65
Cake\Routing\Middleware\AssetMiddleware::__invoke() - CORE/src/Routing/Middleware/AssetMiddleware.php, line 88
Cake\Http\Runner::__invoke() - CORE/src/Http/Runner.php, line 65
Cake\Error\Middleware\ErrorHandlerMiddleware::__invoke() - CORE/src/Error/Middleware/ErrorHandlerMiddleware.php, line 98
Cake\Http\Runner::__invoke() - CORE/src/Http/Runner.php, line 65
DebugKit\Middleware\DebugKitMiddleware::__invoke() - ROOT/vendor/cakephp/debug_kit/src/Middleware/DebugKitMiddleware.php, line 53
Cake\Http\Runner::__invoke() - CORE/src/Http/Runner.php, line 65
Cake\Http\Runner::run() - CORE/src/Http/Runner.php, line 51
Cake\Http\Server::run() - CORE/src/Http/Server.php, line 98
[main] - ROOT/webroot/index.php, line 40



